<?xml version="1.0" encoding="UTF-8"?>
<!-- Generated by org.testng.reporters.JUnitReportReporter -->
<testsuite hostname="DESKTOP-9LLKPSL" failures="0" tests="1" name="TestLayer.LoginPageTest" time="2.578" errors="0" timestamp="2023-06-09T20:05:36 IST" skipped="0">
  <testcase classname="TestLayer.LoginPageTest" name="ValidateRegisterPageFunctionality" time="2.578"/>
  <system-out/>
</testsuite> <!-- TestLayer.LoginPageTest -->
